Determining if the pthread_create exist failed with the following output:
Change Dir: /home/ctg2/Documents/cita_project/build/CMakeFiles/CMakeTmp

Run Build Command(s):/usr/bin/gmake cmTC_b13e9/fast 
/usr/bin/gmake -f CMakeFiles/cmTC_b13e9.dir/build.make CMakeFiles/cmTC_b13e9.dir/build
gmake[1]: Entering directory `/disk/user1/ctg2/Documents/cita_project/build/CMakeFiles/CMakeTmp'
Building CXX object CMakeFiles/cmTC_b13e9.dir/CheckSymbolExists.cxx.o
/home/ctg2/anaconda3/envs/cxx-env/bin/x86_64-conda-linux-gnu-c++    -fvisibility-inlines-hidden -std=c++17 -fmessage-length=0 -march=nocona -mtune=haswell -ftree-vectorize -fPIC -fstack-protector-strong -fno-plt -O2 -ffunction-sections -pipe -isystem /home/ctg2/anaconda3/envs/cxx-env/include    -std=gnu++2a -o CMakeFiles/cmTC_b13e9.dir/CheckSymbolExists.cxx.o -c /home/ctg2/Documents/cita_project/build/CMakeFiles/CMakeTmp/CheckSymbolExists.cxx
Linking CXX executable cmTC_b13e9
/disk/home/ctg2/anaconda3/envs/cxx-env/bin/cmake -E cmake_link_script CMakeFiles/cmTC_b13e9.dir/link.txt --verbose=1
/home/ctg2/anaconda3/envs/cxx-env/bin/x86_64-conda-linux-gnu-c++  -fvisibility-inlines-hidden -std=c++17 -fmessage-length=0 -march=nocona -mtune=haswell -ftree-vectorize -fPIC -fstack-protector-strong -fno-plt -O2 -ffunction-sections -pipe -isystem /home/ctg2/anaconda3/envs/cxx-env/include   -Wl,-O2 -Wl,--sort-common -Wl,--as-needed -Wl,-z,relro -Wl,-z,now -Wl,--disable-new-dtags -Wl,--gc-sections -Wl,-rpath,/home/ctg2/anaconda3/envs/cxx-env/lib -Wl,-rpath-link,/home/ctg2/anaconda3/envs/cxx-env/lib -L/home/ctg2/anaconda3/envs/cxx-env/lib  CMakeFiles/cmTC_b13e9.dir/CheckSymbolExists.cxx.o  -o cmTC_b13e9 
/disk/home/ctg2/anaconda3/envs/cxx-env/bin/../lib/gcc/x86_64-conda-linux-gnu/11.2.0/../../../../x86_64-conda-linux-gnu/bin/ld: CMakeFiles/cmTC_b13e9.dir/CheckSymbolExists.cxx.o: in function `main':
CheckSymbolExists.cxx:(.text.startup.main+0x3): undefined reference to `pthread_create'
collect2: error: ld returned 1 exit status
gmake[1]: *** [cmTC_b13e9] Error 1
gmake[1]: Leaving directory `/disk/user1/ctg2/Documents/cita_project/build/CMakeFiles/CMakeTmp'
gmake: *** [cmTC_b13e9/fast] Error 2

File /home/ctg2/Documents/cita_project/build/CMakeFiles/CMakeTmp/CheckSymbolExists.cxx:
/* */
#include <pthread.h>

int main(int argc, char** argv)
{
  (void)argv;
#ifndef pthread_create
  return ((int*)(&pthread_create))[argc];
#else
  (void)argc;
  return 0;
#endif
}

Determining if the function pthread_create exists in the pthreads failed with the following output:
Change Dir: /home/ctg2/Documents/cita_project/build/CMakeFiles/CMakeTmp

Run Build Command(s):/usr/bin/gmake cmTC_77227/fast 
/usr/bin/gmake -f CMakeFiles/cmTC_77227.dir/build.make CMakeFiles/cmTC_77227.dir/build
gmake[1]: Entering directory `/disk/user1/ctg2/Documents/cita_project/build/CMakeFiles/CMakeTmp'
Building CXX object CMakeFiles/cmTC_77227.dir/CheckFunctionExists.cxx.o
/home/ctg2/anaconda3/envs/cxx-env/bin/x86_64-conda-linux-gnu-c++    -fvisibility-inlines-hidden -std=c++17 -fmessage-length=0 -march=nocona -mtune=haswell -ftree-vectorize -fPIC -fstack-protector-strong -fno-plt -O2 -ffunction-sections -pipe -isystem /home/ctg2/anaconda3/envs/cxx-env/include -DCHECK_FUNCTION_EXISTS=pthread_create   -std=gnu++2a -o CMakeFiles/cmTC_77227.dir/CheckFunctionExists.cxx.o -c /home/ctg2/Documents/cita_project/build/CMakeFiles/CheckLibraryExists/CheckFunctionExists.cxx
Linking CXX executable cmTC_77227
/disk/home/ctg2/anaconda3/envs/cxx-env/bin/cmake -E cmake_link_script CMakeFiles/cmTC_77227.dir/link.txt --verbose=1
/home/ctg2/anaconda3/envs/cxx-env/bin/x86_64-conda-linux-gnu-c++  -fvisibility-inlines-hidden -std=c++17 -fmessage-length=0 -march=nocona -mtune=haswell -ftree-vectorize -fPIC -fstack-protector-strong -fno-plt -O2 -ffunction-sections -pipe -isystem /home/ctg2/anaconda3/envs/cxx-env/include -DCHECK_FUNCTION_EXISTS=pthread_create  -Wl,-O2 -Wl,--sort-common -Wl,--as-needed -Wl,-z,relro -Wl,-z,now -Wl,--disable-new-dtags -Wl,--gc-sections -Wl,-rpath,/home/ctg2/anaconda3/envs/cxx-env/lib -Wl,-rpath-link,/home/ctg2/anaconda3/envs/cxx-env/lib -L/home/ctg2/anaconda3/envs/cxx-env/lib  CMakeFiles/cmTC_77227.dir/CheckFunctionExists.cxx.o  -o cmTC_77227 -lpthreads 
/disk/home/ctg2/anaconda3/envs/cxx-env/bin/../lib/gcc/x86_64-conda-linux-gnu/11.2.0/../../../../x86_64-conda-linux-gnu/bin/ld: cannot find -lpthreads: No such file or directory
collect2: error: ld returned 1 exit status
gmake[1]: *** [cmTC_77227] Error 1
gmake[1]: Leaving directory `/disk/user1/ctg2/Documents/cita_project/build/CMakeFiles/CMakeTmp'
gmake: *** [cmTC_77227/fast] Error 2


Determining if the pthread_create exist failed with the following output:
Change Dir: /home/ctg2/Documents/cita_project/build/CMakeFiles/CMakeTmp

Run Build Command(s):/usr/bin/gmake cmTC_a60d1/fast 
/usr/bin/gmake -f CMakeFiles/cmTC_a60d1.dir/build.make CMakeFiles/cmTC_a60d1.dir/build
gmake[1]: Entering directory `/disk/user1/ctg2/Documents/cita_project/build/CMakeFiles/CMakeTmp'
Building CXX object CMakeFiles/cmTC_a60d1.dir/CheckSymbolExists.cxx.o
/home/ctg2/anaconda3/envs/cxx-env/bin/x86_64-conda-linux-gnu-c++    -fvisibility-inlines-hidden -std=c++17 -fmessage-length=0 -march=nocona -mtune=haswell -ftree-vectorize -fPIC -fstack-protector-strong -fno-plt -O2 -ffunction-sections -pipe -isystem /home/ctg2/anaconda3/envs/cxx-env/include    -std=gnu++2a -o CMakeFiles/cmTC_a60d1.dir/CheckSymbolExists.cxx.o -c /home/ctg2/Documents/cita_project/build/CMakeFiles/CMakeTmp/CheckSymbolExists.cxx
Linking CXX executable cmTC_a60d1
/disk/home/ctg2/anaconda3/envs/cxx-env/bin/cmake -E cmake_link_script CMakeFiles/cmTC_a60d1.dir/link.txt --verbose=1
/home/ctg2/anaconda3/envs/cxx-env/bin/x86_64-conda-linux-gnu-c++  -fvisibility-inlines-hidden -std=c++17 -fmessage-length=0 -march=nocona -mtune=haswell -ftree-vectorize -fPIC -fstack-protector-strong -fno-plt -O2 -ffunction-sections -pipe -isystem /home/ctg2/anaconda3/envs/cxx-env/include   -Wl,-O2 -Wl,--sort-common -Wl,--as-needed -Wl,-z,relro -Wl,-z,now -Wl,--disable-new-dtags -Wl,--gc-sections -Wl,-rpath,/home/ctg2/anaconda3/envs/cxx-env/lib -Wl,-rpath-link,/home/ctg2/anaconda3/envs/cxx-env/lib -L/home/ctg2/anaconda3/envs/cxx-env/lib  CMakeFiles/cmTC_a60d1.dir/CheckSymbolExists.cxx.o  -o cmTC_a60d1 
/disk/home/ctg2/anaconda3/envs/cxx-env/bin/../lib/gcc/x86_64-conda-linux-gnu/11.2.0/../../../../x86_64-conda-linux-gnu/bin/ld: CMakeFiles/cmTC_a60d1.dir/CheckSymbolExists.cxx.o: in function `main':
CheckSymbolExists.cxx:(.text.startup.main+0x3): undefined reference to `pthread_create'
collect2: error: ld returned 1 exit status
gmake[1]: *** [cmTC_a60d1] Error 1
gmake[1]: Leaving directory `/disk/user1/ctg2/Documents/cita_project/build/CMakeFiles/CMakeTmp'
gmake: *** [cmTC_a60d1/fast] Error 2

File /home/ctg2/Documents/cita_project/build/CMakeFiles/CMakeTmp/CheckSymbolExists.cxx:
/* */
#include <pthread.h>

int main(int argc, char** argv)
{
  (void)argv;
#ifndef pthread_create
  return ((int*)(&pthread_create))[argc];
#else
  (void)argc;
  return 0;
#endif
}

Determining if the function pthread_create exists in the pthreads failed with the following output:
Change Dir: /home/ctg2/Documents/cita_project/build/CMakeFiles/CMakeTmp

Run Build Command(s):/usr/bin/gmake cmTC_fb226/fast 
/usr/bin/gmake -f CMakeFiles/cmTC_fb226.dir/build.make CMakeFiles/cmTC_fb226.dir/build
gmake[1]: Entering directory `/disk/user1/ctg2/Documents/cita_project/build/CMakeFiles/CMakeTmp'
Building CXX object CMakeFiles/cmTC_fb226.dir/CheckFunctionExists.cxx.o
/home/ctg2/anaconda3/envs/cxx-env/bin/x86_64-conda-linux-gnu-c++    -fvisibility-inlines-hidden -std=c++17 -fmessage-length=0 -march=nocona -mtune=haswell -ftree-vectorize -fPIC -fstack-protector-strong -fno-plt -O2 -ffunction-sections -pipe -isystem /home/ctg2/anaconda3/envs/cxx-env/include -DCHECK_FUNCTION_EXISTS=pthread_create   -std=gnu++2a -o CMakeFiles/cmTC_fb226.dir/CheckFunctionExists.cxx.o -c /home/ctg2/Documents/cita_project/build/CMakeFiles/CheckLibraryExists/CheckFunctionExists.cxx
Linking CXX executable cmTC_fb226
/disk/home/ctg2/anaconda3/envs/cxx-env/bin/cmake -E cmake_link_script CMakeFiles/cmTC_fb226.dir/link.txt --verbose=1
/home/ctg2/anaconda3/envs/cxx-env/bin/x86_64-conda-linux-gnu-c++  -fvisibility-inlines-hidden -std=c++17 -fmessage-length=0 -march=nocona -mtune=haswell -ftree-vectorize -fPIC -fstack-protector-strong -fno-plt -O2 -ffunction-sections -pipe -isystem /home/ctg2/anaconda3/envs/cxx-env/include -DCHECK_FUNCTION_EXISTS=pthread_create  -Wl,-O2 -Wl,--sort-common -Wl,--as-needed -Wl,-z,relro -Wl,-z,now -Wl,--disable-new-dtags -Wl,--gc-sections -Wl,-rpath,/home/ctg2/anaconda3/envs/cxx-env/lib -Wl,-rpath-link,/home/ctg2/anaconda3/envs/cxx-env/lib -L/home/ctg2/anaconda3/envs/cxx-env/lib  CMakeFiles/cmTC_fb226.dir/CheckFunctionExists.cxx.o  -o cmTC_fb226 -lpthreads 
/disk/home/ctg2/anaconda3/envs/cxx-env/bin/../lib/gcc/x86_64-conda-linux-gnu/11.2.0/../../../../x86_64-conda-linux-gnu/bin/ld: cannot find -lpthreads: No such file or directory
collect2: error: ld returned 1 exit status
gmake[1]: *** [cmTC_fb226] Error 1
gmake[1]: Leaving directory `/disk/user1/ctg2/Documents/cita_project/build/CMakeFiles/CMakeTmp'
gmake: *** [cmTC_fb226/fast] Error 2


Determining if the pthread_create exist failed with the following output:
Change Dir: /home/ctg2/Documents/cita_project/build/CMakeFiles/CMakeTmp

Run Build Command(s):/usr/bin/gmake cmTC_58169/fast 
/usr/bin/gmake -f CMakeFiles/cmTC_58169.dir/build.make CMakeFiles/cmTC_58169.dir/build
gmake[1]: Entering directory `/disk/user1/ctg2/Documents/cita_project/build/CMakeFiles/CMakeTmp'
Building CXX object CMakeFiles/cmTC_58169.dir/CheckSymbolExists.cxx.o
/home/ctg2/anaconda3/envs/cxx-env/bin/x86_64-conda-linux-gnu-c++    -fvisibility-inlines-hidden -std=c++17 -fmessage-length=0 -march=nocona -mtune=haswell -ftree-vectorize -fPIC -fstack-protector-strong -fno-plt -O2 -ffunction-sections -pipe -isystem /home/ctg2/anaconda3/envs/cxx-env/include    -std=gnu++2a -o CMakeFiles/cmTC_58169.dir/CheckSymbolExists.cxx.o -c /home/ctg2/Documents/cita_project/build/CMakeFiles/CMakeTmp/CheckSymbolExists.cxx
Linking CXX executable cmTC_58169
/disk/home/ctg2/anaconda3/envs/cxx-env/bin/cmake -E cmake_link_script CMakeFiles/cmTC_58169.dir/link.txt --verbose=1
/home/ctg2/anaconda3/envs/cxx-env/bin/x86_64-conda-linux-gnu-c++  -fvisibility-inlines-hidden -std=c++17 -fmessage-length=0 -march=nocona -mtune=haswell -ftree-vectorize -fPIC -fstack-protector-strong -fno-plt -O2 -ffunction-sections -pipe -isystem /home/ctg2/anaconda3/envs/cxx-env/include   -Wl,-O2 -Wl,--sort-common -Wl,--as-needed -Wl,-z,relro -Wl,-z,now -Wl,--disable-new-dtags -Wl,--gc-sections -Wl,-rpath,/home/ctg2/anaconda3/envs/cxx-env/lib -Wl,-rpath-link,/home/ctg2/anaconda3/envs/cxx-env/lib -L/home/ctg2/anaconda3/envs/cxx-env/lib  CMakeFiles/cmTC_58169.dir/CheckSymbolExists.cxx.o  -o cmTC_58169 
/disk/home/ctg2/anaconda3/envs/cxx-env/bin/../lib/gcc/x86_64-conda-linux-gnu/11.2.0/../../../../x86_64-conda-linux-gnu/bin/ld: CMakeFiles/cmTC_58169.dir/CheckSymbolExists.cxx.o: in function `main':
CheckSymbolExists.cxx:(.text.startup.main+0x3): undefined reference to `pthread_create'
collect2: error: ld returned 1 exit status
gmake[1]: *** [cmTC_58169] Error 1
gmake[1]: Leaving directory `/disk/user1/ctg2/Documents/cita_project/build/CMakeFiles/CMakeTmp'
gmake: *** [cmTC_58169/fast] Error 2

File /home/ctg2/Documents/cita_project/build/CMakeFiles/CMakeTmp/CheckSymbolExists.cxx:
/* */
#include <pthread.h>

int main(int argc, char** argv)
{
  (void)argv;
#ifndef pthread_create
  return ((int*)(&pthread_create))[argc];
#else
  (void)argc;
  return 0;
#endif
}

Determining if the function pthread_create exists in the pthreads failed with the following output:
Change Dir: /home/ctg2/Documents/cita_project/build/CMakeFiles/CMakeTmp

Run Build Command(s):/usr/bin/gmake cmTC_76461/fast 
/usr/bin/gmake -f CMakeFiles/cmTC_76461.dir/build.make CMakeFiles/cmTC_76461.dir/build
gmake[1]: Entering directory `/disk/user1/ctg2/Documents/cita_project/build/CMakeFiles/CMakeTmp'
Building CXX object CMakeFiles/cmTC_76461.dir/CheckFunctionExists.cxx.o
/home/ctg2/anaconda3/envs/cxx-env/bin/x86_64-conda-linux-gnu-c++    -fvisibility-inlines-hidden -std=c++17 -fmessage-length=0 -march=nocona -mtune=haswell -ftree-vectorize -fPIC -fstack-protector-strong -fno-plt -O2 -ffunction-sections -pipe -isystem /home/ctg2/anaconda3/envs/cxx-env/include -DCHECK_FUNCTION_EXISTS=pthread_create   -std=gnu++2a -o CMakeFiles/cmTC_76461.dir/CheckFunctionExists.cxx.o -c /home/ctg2/Documents/cita_project/build/CMakeFiles/CheckLibraryExists/CheckFunctionExists.cxx
Linking CXX executable cmTC_76461
/disk/home/ctg2/anaconda3/envs/cxx-env/bin/cmake -E cmake_link_script CMakeFiles/cmTC_76461.dir/link.txt --verbose=1
/home/ctg2/anaconda3/envs/cxx-env/bin/x86_64-conda-linux-gnu-c++  -fvisibility-inlines-hidden -std=c++17 -fmessage-length=0 -march=nocona -mtune=haswell -ftree-vectorize -fPIC -fstack-protector-strong -fno-plt -O2 -ffunction-sections -pipe -isystem /home/ctg2/anaconda3/envs/cxx-env/include -DCHECK_FUNCTION_EXISTS=pthread_create  -Wl,-O2 -Wl,--sort-common -Wl,--as-needed -Wl,-z,relro -Wl,-z,now -Wl,--disable-new-dtags -Wl,--gc-sections -Wl,-rpath,/home/ctg2/anaconda3/envs/cxx-env/lib -Wl,-rpath-link,/home/ctg2/anaconda3/envs/cxx-env/lib -L/home/ctg2/anaconda3/envs/cxx-env/lib  CMakeFiles/cmTC_76461.dir/CheckFunctionExists.cxx.o  -o cmTC_76461 -lpthreads 
/disk/home/ctg2/anaconda3/envs/cxx-env/bin/../lib/gcc/x86_64-conda-linux-gnu/11.2.0/../../../../x86_64-conda-linux-gnu/bin/ld: cannot find -lpthreads: No such file or directory
collect2: error: ld returned 1 exit status
gmake[1]: *** [cmTC_76461] Error 1
gmake[1]: Leaving directory `/disk/user1/ctg2/Documents/cita_project/build/CMakeFiles/CMakeTmp'
gmake: *** [cmTC_76461/fast] Error 2


Determining if the pthread_create exist failed with the following output:
Change Dir: /home/ctg2/Documents/cita_project/build/CMakeFiles/CMakeTmp

Run Build Command(s):/usr/bin/gmake cmTC_121a1/fast 
/usr/bin/gmake -f CMakeFiles/cmTC_121a1.dir/build.make CMakeFiles/cmTC_121a1.dir/build
gmake[1]: Entering directory `/disk/user1/ctg2/Documents/cita_project/build/CMakeFiles/CMakeTmp'
Building CXX object CMakeFiles/cmTC_121a1.dir/CheckSymbolExists.cxx.o
/home/ctg2/anaconda3/envs/cxx-env/bin/x86_64-conda-linux-gnu-c++    -fvisibility-inlines-hidden -std=c++17 -fmessage-length=0 -march=nocona -mtune=haswell -ftree-vectorize -fPIC -fstack-protector-strong -fno-plt -O2 -ffunction-sections -pipe -isystem /home/ctg2/anaconda3/envs/cxx-env/include    -std=gnu++2a -o CMakeFiles/cmTC_121a1.dir/CheckSymbolExists.cxx.o -c /home/ctg2/Documents/cita_project/build/CMakeFiles/CMakeTmp/CheckSymbolExists.cxx
Linking CXX executable cmTC_121a1
/disk/home/ctg2/anaconda3/envs/cxx-env/bin/cmake -E cmake_link_script CMakeFiles/cmTC_121a1.dir/link.txt --verbose=1
/home/ctg2/anaconda3/envs/cxx-env/bin/x86_64-conda-linux-gnu-c++  -fvisibility-inlines-hidden -std=c++17 -fmessage-length=0 -march=nocona -mtune=haswell -ftree-vectorize -fPIC -fstack-protector-strong -fno-plt -O2 -ffunction-sections -pipe -isystem /home/ctg2/anaconda3/envs/cxx-env/include   -Wl,-O2 -Wl,--sort-common -Wl,--as-needed -Wl,-z,relro -Wl,-z,now -Wl,--disable-new-dtags -Wl,--gc-sections -Wl,-rpath,/home/ctg2/anaconda3/envs/cxx-env/lib -Wl,-rpath-link,/home/ctg2/anaconda3/envs/cxx-env/lib -L/home/ctg2/anaconda3/envs/cxx-env/lib  CMakeFiles/cmTC_121a1.dir/CheckSymbolExists.cxx.o  -o cmTC_121a1 
/disk/home/ctg2/anaconda3/envs/cxx-env/bin/../lib/gcc/x86_64-conda-linux-gnu/11.2.0/../../../../x86_64-conda-linux-gnu/bin/ld: CMakeFiles/cmTC_121a1.dir/CheckSymbolExists.cxx.o: in function `main':
CheckSymbolExists.cxx:(.text.startup.main+0x3): undefined reference to `pthread_create'
collect2: error: ld returned 1 exit status
gmake[1]: *** [cmTC_121a1] Error 1
gmake[1]: Leaving directory `/disk/user1/ctg2/Documents/cita_project/build/CMakeFiles/CMakeTmp'
gmake: *** [cmTC_121a1/fast] Error 2

File /home/ctg2/Documents/cita_project/build/CMakeFiles/CMakeTmp/CheckSymbolExists.cxx:
/* */
#include <pthread.h>

int main(int argc, char** argv)
{
  (void)argv;
#ifndef pthread_create
  return ((int*)(&pthread_create))[argc];
#else
  (void)argc;
  return 0;
#endif
}

Determining if the function pthread_create exists in the pthreads failed with the following output:
Change Dir: /home/ctg2/Documents/cita_project/build/CMakeFiles/CMakeTmp

Run Build Command(s):/usr/bin/gmake cmTC_0abf6/fast 
/usr/bin/gmake -f CMakeFiles/cmTC_0abf6.dir/build.make CMakeFiles/cmTC_0abf6.dir/build
gmake[1]: Entering directory `/disk/user1/ctg2/Documents/cita_project/build/CMakeFiles/CMakeTmp'
Building CXX object CMakeFiles/cmTC_0abf6.dir/CheckFunctionExists.cxx.o
/home/ctg2/anaconda3/envs/cxx-env/bin/x86_64-conda-linux-gnu-c++    -fvisibility-inlines-hidden -std=c++17 -fmessage-length=0 -march=nocona -mtune=haswell -ftree-vectorize -fPIC -fstack-protector-strong -fno-plt -O2 -ffunction-sections -pipe -isystem /home/ctg2/anaconda3/envs/cxx-env/include -DCHECK_FUNCTION_EXISTS=pthread_create   -std=gnu++2a -o CMakeFiles/cmTC_0abf6.dir/CheckFunctionExists.cxx.o -c /home/ctg2/Documents/cita_project/build/CMakeFiles/CheckLibraryExists/CheckFunctionExists.cxx
Linking CXX executable cmTC_0abf6
/disk/home/ctg2/anaconda3/envs/cxx-env/bin/cmake -E cmake_link_script CMakeFiles/cmTC_0abf6.dir/link.txt --verbose=1
/home/ctg2/anaconda3/envs/cxx-env/bin/x86_64-conda-linux-gnu-c++  -fvisibility-inlines-hidden -std=c++17 -fmessage-length=0 -march=nocona -mtune=haswell -ftree-vectorize -fPIC -fstack-protector-strong -fno-plt -O2 -ffunction-sections -pipe -isystem /home/ctg2/anaconda3/envs/cxx-env/include -DCHECK_FUNCTION_EXISTS=pthread_create  -Wl,-O2 -Wl,--sort-common -Wl,--as-needed -Wl,-z,relro -Wl,-z,now -Wl,--disable-new-dtags -Wl,--gc-sections -Wl,-rpath,/home/ctg2/anaconda3/envs/cxx-env/lib -Wl,-rpath-link,/home/ctg2/anaconda3/envs/cxx-env/lib -L/home/ctg2/anaconda3/envs/cxx-env/lib  CMakeFiles/cmTC_0abf6.dir/CheckFunctionExists.cxx.o  -o cmTC_0abf6 -lpthreads 
/disk/home/ctg2/anaconda3/envs/cxx-env/bin/../lib/gcc/x86_64-conda-linux-gnu/11.2.0/../../../../x86_64-conda-linux-gnu/bin/ld: cannot find -lpthreads: No such file or directory
collect2: error: ld returned 1 exit status
gmake[1]: *** [cmTC_0abf6] Error 1
gmake[1]: Leaving directory `/disk/user1/ctg2/Documents/cita_project/build/CMakeFiles/CMakeTmp'
gmake: *** [cmTC_0abf6/fast] Error 2


